<?xml version="1.0" encoding="UTF-8"?>
<coverage generated="1695863419313" clover="3.2.0">
  <project timestamp="1695863419313" name="All files">
    <metrics statements="10" coveredstatements="10" conditionals="7" coveredconditionals="7" methods="3" coveredmethods="3" elements="20" coveredelements="20" complexity="0" loc="10" ncloc="10" packages="1" files="1" classes="1"/>
    <file name="Dropdown.tsx" path="/home/runner/work/react-native-custom-dropdown/react-native-custom-dropdown/src/Dropdown.tsx">
      <metrics statements="10" coveredstatements="10" conditionals="7" coveredconditionals="7" methods="3" coveredmethods="3"/>
      <line num="23" count="1" type="stmt"/>
      <line num="33" count="3" type="stmt"/>
      <line num="35" count="3" type="cond" truecount="2" falsecount="0"/>
      <line num="36" count="1" type="stmt"/>
      <line num="40" count="2" type="stmt"/>
      <line num="49" count="2" type="stmt"/>
      <line num="54" count="2" type="stmt"/>
      <line num="58" count="4" type="stmt"/>
      <line num="60" count="1" type="stmt"/>
      <line num="69" count="1" type="stmt"/>
    </file>
  </project>
</coverage>
