{"/Users/khaledadel/Projects/react-native-custom-dropdown/src/Dropdown.tsx": {"path":"/Users/khaledadel/Projects/react-native-custom-dropdown/src/Dropdown.tsx","statementMap":{"0":{"start":{"line":23,"column":51},"end":{"line":67,"column":1}},"1":{"start":{"line":33,"column":6},"end":{"line":33,"column":11}},"2":{"start":{"line":35,"column":2},"end":{"line":37,"column":3}},"3":{"start":{"line":36,"column":4},"end":{"line":36,"column":16}},"4":{"start":{"line":40,"column":26},"end":{"line":46,"column":4}},"5":{"start":{"line":49,"column":25},"end":{"line":52,"column":4}},"6":{"start":{"line":54,"column":2},"end":{"line":66,"column":4}},"7":{"start":{"line":58,"column":10},"end":{"line":62,"column":29}},"8":{"start":{"line":60,"column":27},"end":{"line":60,"column":49}},"9":{"start":{"line":69,"column":15},"end":{"line":80,"column":2}}},"fnMap":{"0":{"name":"(anonymous_0)","decl":{"start":{"line":23,"column":51},"end":{"line":23,"column":52}},"loc":{"start":{"line":23,"column":62},"end":{"line":67,"column":1}},"line":23},"1":{"name":"(anonymous_1)","decl":{"start":{"line":57,"column":30},"end":{"line":57,"column":31}},"loc":{"start":{"line":58,"column":10},"end":{"line":62,"column":29}},"line":58},"2":{"name":"(anonymous_2)","decl":{"start":{"line":60,"column":21},"end":{"line":60,"column":22}},"loc":{"start":{"line":60,"column":27},"end":{"line":60,"column":49}},"line":60}},"branchMap":{"0":{"loc":{"start":{"line":28,"column":4},"end":{"line":28,"column":11}},"type":"default-arg","locations":[{"start":{"line":28,"column":10},"end":{"line":28,"column":11}}],"line":28},"1":{"loc":{"start":{"line":29,"column":4},"end":{"line":29,"column":12}},"type":"default-arg","locations":[{"start":{"line":29,"column":11},"end":{"line":29,"column":12}}],"line":29},"2":{"loc":{"start":{"line":30,"column":4},"end":{"line":30,"column":21}},"type":"default-arg","locations":[{"start":{"line":30,"column":12},"end":{"line":30,"column":21}}],"line":30},"3":{"loc":{"start":{"line":31,"column":4},"end":{"line":31,"column":15}},"type":"default-arg","locations":[{"start":{"line":31,"column":13},"end":{"line":31,"column":15}}],"line":31},"4":{"loc":{"start":{"line":32,"column":4},"end":{"line":32,"column":31}},"type":"default-arg","locations":[{"start":{"line":32,"column":22},"end":{"line":32,"column":31}}],"line":32},"5":{"loc":{"start":{"line":35,"column":2},"end":{"line":37,"column":3}},"type":"if","locations":[{"start":{"line":35,"column":2},"end":{"line":37,"column":3}},{"start":{},"end":{}}],"line":35}},"s":{"0":1,"1":3,"2":3,"3":1,"4":2,"5":2,"6":2,"7":4,"8":1,"9":1},"f":{"0":3,"1":4,"2":1},"b":{"0":[3],"1":[3],"2":[3],"3":[3],"4":[3],"5":[1,2]},"_coverageSchema":"1a1c01bbd47fc00a2c39e90264f33305004495a9","hash":"0c746ca9903c1e616a22be0b76b5fa8307961a3d"}
}
