{"/Users/khaledadel/Projects/react-native-custom-dropdown/src/Dropdown.tsx": {"path":"/Users/khaledadel/Projects/react-native-custom-dropdown/src/Dropdown.tsx","statementMap":{"0":{"start":{"line":20,"column":42},"end":{"line":46,"column":1}},"1":{"start":{"line":26,"column":6},"end":{"line":26,"column":11}},"2":{"start":{"line":28,"column":2},"end":{"line":30,"column":3}},"3":{"start":{"line":29,"column":4},"end":{"line":29,"column":16}},"4":{"start":{"line":33,"column":25},"end":{"line":33,"column":69}},"5":{"start":{"line":35,"column":2},"end":{"line":45,"column":4}},"6":{"start":{"line":38,"column":8},"end":{"line":42,"column":27}},"7":{"start":{"line":40,"column":25},"end":{"line":40,"column":47}},"8":{"start":{"line":48,"column":15},"end":{"line":61,"column":2}}},"fnMap":{"0":{"name":"(anonymous_0)","decl":{"start":{"line":20,"column":42},"end":{"line":20,"column":43}},"loc":{"start":{"line":20,"column":53},"end":{"line":46,"column":1}},"line":20},"1":{"name":"(anonymous_1)","decl":{"start":{"line":37,"column":28},"end":{"line":37,"column":29}},"loc":{"start":{"line":38,"column":8},"end":{"line":42,"column":27}},"line":38},"2":{"name":"(anonymous_2)","decl":{"start":{"line":40,"column":19},"end":{"line":40,"column":20}},"loc":{"start":{"line":40,"column":25},"end":{"line":40,"column":47}},"line":40}},"branchMap":{"0":{"loc":{"start":{"line":28,"column":2},"end":{"line":30,"column":3}},"type":"if","locations":[{"start":{"line":28,"column":2},"end":{"line":30,"column":3}},{"start":{},"end":{}}],"line":28}},"s":{"0":1,"1":3,"2":3,"3":1,"4":2,"5":2,"6":4,"7":1,"8":1},"f":{"0":3,"1":4,"2":1},"b":{"0":[1,2]},"_coverageSchema":"1a1c01bbd47fc00a2c39e90264f33305004495a9","hash":"0f31a8ff79d7e41e887ebccc2bdc0da3bb768215"}
}
